生成启动时间为 2018/1/31 16:59:59。
     1>项目“E:\C++Practices\ucosii\ucosii\ucosii.vcxproj”在节点 2 上(Build 个目标)。
     1>InitializeBuildStatus:
         正在创建“Debug\ucosii.tlog\unsuccessfulbuild”，因为已指定“AlwaysCreate”。
       ClCompile:
         D:\Microsoft Visual Studio 12.0\VC\bin\CL.exe /c /IE:\C++Practices\ucosii\ucosii\midware /IE:\C++Practices\ucosii\ucosii\task /ZI /nologo /W3 /WX- /sdl /Od /Oy- /D _USING_V110_SDK71_ /D _MBCS /Gm /EHsc /RTC1 /MDd /GS /fp:precise /Zc:wchar_t /Zc:forScope /Fo"Debug\\" /Fd"Debug\vc120.pdb" /Gd /TC /analyze- /errorReport:prompt app\main.c midware\midware.c port\pc.c task\InputTask.c task\OutPut.c task\Ticks.c
         Ticks.c
         OutPut.c
         InputTask.c
         pc.c
         midware.c
         main.c
         正在生成代码...
       Link:
         D:\Microsoft Visual Studio 12.0\VC\bin\link.exe /ERRORREPORT:PROMPT /OUT:"E:\C++Practices\ucosii\Debug\ucosii.exe" /INCREMENTAL /NOLOGO winmm.lib kernel32.lib user32.lib gdi32.lib winspool.lib comdlg32.lib advapi32.lib shell32.lib ole32.lib oleaut32.lib uuid.lib odbc32.lib odbccp32.lib /MANIFEST /MANIFESTUAC:"level='asInvoker' uiAccess='false'" /manifest:embed /DEBUG /PDB:"E:\C++Practices\ucosii\Debug\ucosii.pdb" /TLBID:1 /DYNAMICBASE /NXCOMPAT /IMPLIB:"E:\C++Practices\ucosii\Debug\ucosii.lib" /MACHINE:X86 Debug\main.obj
         Debug\midware.obj
         Debug\os_cpu_c.obj
         Debug\pc.obj
         Debug\InputTask.obj
         Debug\OutPut.obj
         Debug\Ticks.obj
         Debug\os_core.obj
         Debug\os_dbg_r.obj
         Debug\os_flag.obj
         Debug\os_mbox.obj
         Debug\os_mem.obj
         Debug\os_mutex.obj
         Debug\os_q.obj
         Debug\os_sem.obj
         Debug\os_task.obj
         Debug\os_time.obj
         Debug\os_tmr.obj
         Debug\ucos_ii.obj
         ucosii.vcxproj -> E:\C++Practices\ucosii\Debug\ucosii.exe
       FinalizeBuildStatus:
         正在删除文件“Debug\ucosii.tlog\unsuccessfulbuild”。
         正在对“Debug\ucosii.tlog\ucosii.lastbuildstate”执行 Touch 任务。
     1>已完成生成项目“E:\C++Practices\ucosii\ucosii\ucosii.vcxproj”(Build 个目标)的操作。

生成成功。

已用时间 00:00:02.33
